yandex.ru
yandex.net
yastatic.net
ya.ru
vk.com
vkuser.net
userapi.com
mycdn.me
ok.ru
okstatic.ok.ru
mail.ru
rutube.ru
ozon.ru
ozone.ru
wildberries.ru
wb.ru
avito.ru
gosuslugi.ru
esia.gosuslugi.ru
sberbank.ru
sber.ru
vtb.ru
alfabank.ru
tbank.ru
raiffeisen.ru
moex.com
mts.ru
beeline.ru
megafon.ru
tele2.ru
rostelecom.ru
2gis.ru
2gis.com
rzd.ru
tutu.ru
pochta.ru
kinopoisk.ru
bitrix24.com
bitrixsoft.com
distrosea.com
onworks.net
dns-shop.ru
1018213540.rsc.cdn77.org
avtodor-tr.ru
b2c-ticket-sentry.onelya.ru
bitrix.info
bkvet.ru
cdn1.ozonusercontent.com
cms1.dzvr.ru
consultant.ru
counter.yadro.ru
dzvr.ru
emex.ru
fairplay-proxy.ott.yandex.ru
fssp.gov.ru
gorzdrav.spb.ru
gov.ru
graphql.kinopoisk.ru
gu-st.ru
lemanapro.ru
leroymerlin.ru
magnit.ru
mobileapp.russianpost.ru
mos.ru
mosenergosbyt.ru
mosreg.ru
nalog.ru
pesc.ru
reso.ru
rosreestr.gov.ru
rzd-bonus.ru
showip.net
sys.refocus.ru
vshark.ttk.ru
widevine-proxy.ott.yandex.ru
xn--90aijkdmaud0d.xn--p1ai
